<?xml version="1.0" encoding="UTF-8"?>
<!-- Generated by org.testng.reporters.JUnitXMLReporter -->
<testsuite ignored="0" hostname="DESKTOP-E1K2OQS" failures="0" tests="6" name="Test" time="0.048" errors="0" timestamp="19 Jan 2018 20:42:28 GMT">
  <testcase classname="SeleniumLearning.SeleniumTest" name="helloWorld" time="0.006"/>
  <testcase classname="SeleniumLearning.SeleniumTest" name="helloWorld1" time="0.001"/>
  <testcase classname="SeleniumLearning.SeleniumTest" name="helloWorld3" time="0.0"/>
  <testcase classname="SeleniumLearning.TestNG2Test" name="helloWorldTestNG2" time="0.0"/>
  <testcase classname="SeleniumLearning.TestNG2Test" name="helloWorldTestNG21" time="0.0"/>
  <testcase classname="SeleniumLearning.TestNG2Test" name="helloWorldTestNG23" time="0.0"/>
</testsuite> <!-- Test -->
