<?xml version="1.0" encoding="UTF-8"?>
<!-- Generated by org.testng.reporters.JUnitXMLReporter -->
<testsuite hostname="DESKTOP-E1K2OQS" ignored="0" name="Command line test" tests="9" failures="0" timestamp="20 Jan 2018 03:10:05 GMT" time="0.062" errors="0">
  <testcase name="helloWorldAppium" time="0.011" classname="SeleniumLearning.AppiumTest"/>
  <testcase name="helloWorldAppium1" time="0.0" classname="SeleniumLearning.AppiumTest"/>
  <testcase name="helloWorldAppium3" time="0.003" classname="SeleniumLearning.AppiumTest"/>
  <testcase name="helloWorld" time="0.001" classname="SeleniumLearning.SeleniumTest"/>
  <testcase name="helloWorld1" time="0.0" classname="SeleniumLearning.SeleniumTest"/>
  <testcase name="helloWorld3" time="0.0" classname="SeleniumLearning.SeleniumTest"/>
  <testcase name="helloWorldTestNG2" time="0.0" classname="SeleniumLearning.TestNG2Test"/>
  <testcase name="helloWorldTestNG21" time="0.0" classname="SeleniumLearning.TestNG2Test"/>
  <testcase name="helloWorldTestNG23" time="0.0" classname="SeleniumLearning.TestNG2Test"/>
</testsuite> <!-- Command line test -->
